<?xml version="1.0" encoding="UTF-8"?>
<testng-results skipped="0" failed="0" ignored="2" total="5" passed="3">
  <reporter-output>
  </reporter-output>
  <suite name="Suite" duration-ms="32574" started-at="2022-02-25T15:28:32 IST" finished-at="2022-02-25T15:29:05 IST">
    <groups>
    </groups>
    <test name="BadgesAPITest" duration-ms="32574" started-at="2022-02-25T15:28:32 IST" finished-at="2022-02-25T15:29:05 IST">
      <class name="scripts.TC_VerifyGetTagsAPI">
        <test-method status="PASS" signature="verifyGetTagsAPI()[pri:0, instance:scripts.TC_VerifyGetTagsAPI@3cb1ffe6]" name="verifyGetTagsAPI" duration-ms="7123" started-at="2022-02-25T15:28:58 IST" finished-at="2022-02-25T15:29:05 IST">
          <reporter-output>
          </reporter-output>
        </test-method> <!-- verifyGetTagsAPI -->
      </class> <!-- scripts.TC_VerifyGetTagsAPI -->
      <class name="scripts.TC_VerifyGetBadgeIDAPI">
        <test-method status="PASS" signature="verifyBadgeIDAPI()[pri:0, instance:scripts.TC_VerifyGetBadgeIDAPI@2a742aa2]" name="verifyBadgeIDAPI" duration-ms="12358" started-at="2022-02-25T15:28:45 IST" finished-at="2022-02-25T15:28:58 IST">
          <reporter-output>
          </reporter-output>
        </test-method> <!-- verifyBadgeIDAPI -->
      </class> <!-- scripts.TC_VerifyGetBadgeIDAPI -->
      <class name="scripts.TC_VerifyGetBadgeReceipientsAPI">
        <test-method status="PASS" signature="setUp(java.lang.String)[pri:0, instance:scripts.TC_VerifyGetBadgeReceipientsAPI@7d70d1b1]" name="setUp" is-config="true" duration-ms="47" started-at="2022-02-25T15:28:32 IST" finished-at="2022-02-25T15:28:32 IST">
          <params>
            <param index="0">
              <value>
                <![CDATA[i69lRU7HjFYXeig9lmfOQA))]]>
              </value>
            </param>
          </params>
          <reporter-output>
          </reporter-output>
        </test-method> <!-- setUp -->
        <test-method status="PASS" signature="verifyBadgeRecipientAPI()[pri:0, instance:scripts.TC_VerifyGetBadgeReceipientsAPI@7d70d1b1]" name="verifyBadgeRecipientAPI" duration-ms="12980" started-at="2022-02-25T15:28:32 IST" finished-at="2022-02-25T15:28:45 IST">
          <reporter-output>
          </reporter-output>
        </test-method> <!-- verifyBadgeRecipientAPI -->
      </class> <!-- scripts.TC_VerifyGetBadgeReceipientsAPI -->
    </test> <!-- BadgesAPITest -->
  </suite> <!-- Suite -->
</testng-results>
