<?xml version="1.0" encoding="UTF-8"?>
<!-- Generated by org.testng.reporters.JUnitXMLReporter -->
<testsuite hostname="LAPTOP-QITOSS6Q" ignored="2" name="BadgesAPITest" tests="3" failures="0" timestamp="2022-02-25T15:29:05 IST" time="32.574" errors="0">
  <testcase name="verifyBadgeRecipientAPI" time="12.98" classname="scripts.TC_VerifyGetBadgeReceipientsAPI"/>
  <testcase name="verifyBadgeIDAPI" time="12.358" classname="scripts.TC_VerifyGetBadgeIDAPI"/>
  <testcase name="verifyGetTagsAPI" time="7.123" classname="scripts.TC_VerifyGetTagsAPI"/>
  <testcase name="@BeforeTest setUp" time="0.0" classname="functions.InitializeAndDeInitialize">
    <ignored/>
  </testcase> <!-- @BeforeTest setUp -->
  <testcase name="@BeforeTest setUp" time="0.0" classname="functions.InitializeAndDeInitialize">
    <ignored/>
  </testcase> <!-- @BeforeTest setUp -->
</testsuite> <!-- BadgesAPITest -->
