<?xml version="1.0" encoding="UTF-8"?>
<!-- Generated by org.testng.reporters.JUnitXMLReporter -->
<testsuite ignored="2" hostname="INHYNUKAMBHAM01" failures="0" tests="3" name="Test" time="68.935" errors="0" timestamp="2022-02-24T18:40:42 IST">
  <testcase classname="scripts.TC_VerifyGetBadgeReceipientsAPI" name="verifyBadgeRecipientAPI" time="8.138"/>
  <testcase classname="scripts.TC_VerifyGetBadgeIDAPI" name="verifyBadgeIDAPI" time="19.891"/>
  <testcase classname="scripts.TC_VerifyGetTagsAPI" name="verifyGetTagsAPI" time="6.324"/>
  <testcase classname="functions.InitializeAndDeInitialize" name="@BeforeTest setUp" time="0.0">
    <ignored/>
  </testcase> <!-- @BeforeTest setUp -->
  <testcase classname="functions.InitializeAndDeInitialize" name="@BeforeTest setUp" time="0.0">
    <ignored/>
  </testcase> <!-- @BeforeTest setUp -->
</testsuite> <!-- Test -->
